Determining if the include file mntent.h exists failed with the following output:
Change Dir: /Users/aaron/Documents/Code/GameEngine/lib/PhysicsFS/CMakeFiles/CMakeTmp

Run Build Command:/Applications/CMake\ 2.6-4.app/Contents/bin/cmakexbuild -project CMAKE_TRY_COMPILE.xcodeproj build -target cmTryCompileExec -configuration Debug
** BUILD FAILED **
=== BUILDING NATIVE TARGET cmTryCompileExec WITH CONFIGURATION Debug ===

Checking Dependencies...

PhaseScriptExecution /Users/aaron/Documents/Code/GameEngine/lib/PhysicsFS/CMakeFiles/CMakeTmp/CMAKE_TRY_COMPILE.build/Debug/cmTryCompileExec.build/Script-DA5070DA5070DA5070000000.sh
    cd /Users/aaron/Documents/Code/GameEngine/lib/PhysicsFS/CMakeFiles/CMakeTmp
    /bin/sh -c /Users/aaron/Documents/Code/GameEngine/lib/PhysicsFS/CMakeFiles/CMakeTmp/CMAKE_TRY_COMPILE.build/Debug/cmTryCompileExec.build/Script-DA5070DA5070DA5070000000.sh
make: `CMakeFiles/cmake.check_cache' is up to date.

CompileC CMAKE_TRY_COMPILE.build/Debug/cmTryCompileExec.build/Objects-normal/i386/CheckIncludeFile.o /Users/aaron/Documents/Code/GameEngine/lib/PhysicsFS/CMakeFiles/CMakeTmp/CheckIncludeFile.c normal i386 c com.apple.compilers.gcc.4_0
    cd /Users/aaron/Documents/Code/GameEngine/lib/PhysicsFS/CMakeFiles/CMakeTmp
    /Developer/usr/bin/gcc-4.0 -x c -arch i386 -pipe -Wno-trigraphs -fpascal-strings -fasm-blocks -O0 -mdynamic-no-pic -DCMAKE_INTDIR="Debug" -fmessage-length=0 -gdwarf-2 -Wmost -Wno-four-char-constants -Wno-unknown-pragmas -F/Users/aaron/Documents/Code/GameEngine/lib/PhysicsFS/CMakeFiles/CMakeTmp/Debug -I/Users/aaron/Documents/Code/GameEngine/lib/PhysicsFS/CMakeFiles/CMakeTmp/Debug/include -I/Users/aaron/Documents/Code/GameEngine/lib/PhysicsFS/CMakeFiles/CMakeTmp/CMAKE_TRY_COMPILE.build/Debug/cmTryCompileExec.build/DerivedSources -c /Users/aaron/Documents/Code/GameEngine/lib/PhysicsFS/CMakeFiles/CMakeTmp/CheckIncludeFile.c -o /Users/aaron/Documents/Code/GameEngine/lib/PhysicsFS/CMakeFiles/CMakeTmp/CMAKE_TRY_COMPILE.build/Debug/cmTryCompileExec.build/Objects-normal/i386/CheckIncludeFile.o
/Users/aaron/Documents/Code/GameEngine/lib/PhysicsFS/CMakeFiles/CMakeTmp/CheckIncludeFile.c:1:20: error: mntent.h: No such file or directory


Determining if the include file readline/readline.h exists failed with the following output:
Change Dir: /Users/aaron/Documents/Code/GameEngine/lib/PhysicsFS/CMakeFiles/CMakeTmp

Run Build Command:/Applications/CMake\ 2.6-4.app/Contents/bin/cmakexbuild -project CMAKE_TRY_COMPILE.xcodeproj build -target cmTryCompileExec -configuration Debug
** BUILD FAILED **
=== BUILDING NATIVE TARGET cmTryCompileExec WITH CONFIGURATION Debug ===

Checking Dependencies...

PhaseScriptExecution /Users/aaron/Documents/Code/GameEngine/lib/PhysicsFS/CMakeFiles/CMakeTmp/CMAKE_TRY_COMPILE.build/Debug/cmTryCompileExec.build/Script-DAC990DAC990DAC990000000.sh
    cd /Users/aaron/Documents/Code/GameEngine/lib/PhysicsFS/CMakeFiles/CMakeTmp
    /bin/sh -c /Users/aaron/Documents/Code/GameEngine/lib/PhysicsFS/CMakeFiles/CMakeTmp/CMAKE_TRY_COMPILE.build/Debug/cmTryCompileExec.build/Script-DAC990DAC990DAC990000000.sh
make: `CMakeFiles/cmake.check_cache' is up to date.

CompileC CMAKE_TRY_COMPILE.build/Debug/cmTryCompileExec.build/Objects-normal/i386/CheckIncludeFile.o /Users/aaron/Documents/Code/GameEngine/lib/PhysicsFS/CMakeFiles/CMakeTmp/CheckIncludeFile.c normal i386 c com.apple.compilers.gcc.4_0
    cd /Users/aaron/Documents/Code/GameEngine/lib/PhysicsFS/CMakeFiles/CMakeTmp
    /Developer/usr/bin/gcc-4.0 -x c -arch i386 -pipe -Wno-trigraphs -fpascal-strings -fasm-blocks -O0 -mdynamic-no-pic -DCMAKE_INTDIR="Debug" -fmessage-length=0 -gdwarf-2 -Wmost -Wno-four-char-constants -Wno-unknown-pragmas -F/Users/aaron/Documents/Code/GameEngine/lib/PhysicsFS/CMakeFiles/CMakeTmp/Debug -I/Users/aaron/Documents/Code/GameEngine/lib/PhysicsFS/CMakeFiles/CMakeTmp/Debug/include -I/Users/aaron/Documents/Code/GameEngine/lib/PhysicsFS/CMakeFiles/CMakeTmp/CMAKE_TRY_COMPILE.build/Debug/cmTryCompileExec.build/DerivedSources -c /Users/aaron/Documents/Code/GameEngine/lib/PhysicsFS/CMakeFiles/CMakeTmp/CheckIncludeFile.c -o /Users/aaron/Documents/Code/GameEngine/lib/PhysicsFS/CMakeFiles/CMakeTmp/CMAKE_TRY_COMPILE.build/Debug/cmTryCompileExec.build/Objects-normal/i386/CheckIncludeFile.o
In file included from /Users/aaron/Documents/Code/GameEngine/lib/PhysicsFS/CMakeFiles/CMakeTmp/CheckIncludeFile.c:1:
/usr/include/readline/readline.h:101: error: syntax error before ‘*’ token
/usr/include/readline/readline.h:102: error: syntax error before ‘*’ token


Determining if the include file readline/history.h exists failed with the following output:
Change Dir: /Users/aaron/Documents/Code/GameEngine/lib/PhysicsFS/CMakeFiles/CMakeTmp

Run Build Command:/Applications/CMake\ 2.6-4.app/Contents/bin/cmakexbuild -project CMAKE_TRY_COMPILE.xcodeproj build -target cmTryCompileExec -configuration Debug
** BUILD FAILED **
=== BUILDING NATIVE TARGET cmTryCompileExec WITH CONFIGURATION Debug ===

Checking Dependencies...

PhaseScriptExecution /Users/aaron/Documents/Code/GameEngine/lib/PhysicsFS/CMakeFiles/CMakeTmp/CMAKE_TRY_COMPILE.build/Debug/cmTryCompileExec.build/Script-DAD640DAD640DAD640000000.sh
    cd /Users/aaron/Documents/Code/GameEngine/lib/PhysicsFS/CMakeFiles/CMakeTmp
    /bin/sh -c /Users/aaron/Documents/Code/GameEngine/lib/PhysicsFS/CMakeFiles/CMakeTmp/CMAKE_TRY_COMPILE.build/Debug/cmTryCompileExec.build/Script-DAD640DAD640DAD640000000.sh
make: `CMakeFiles/cmake.check_cache' is up to date.

CompileC CMAKE_TRY_COMPILE.build/Debug/cmTryCompileExec.build/Objects-normal/i386/CheckIncludeFile.o /Users/aaron/Documents/Code/GameEngine/lib/PhysicsFS/CMakeFiles/CMakeTmp/CheckIncludeFile.c normal i386 c com.apple.compilers.gcc.4_0
    cd /Users/aaron/Documents/Code/GameEngine/lib/PhysicsFS/CMakeFiles/CMakeTmp
    /Developer/usr/bin/gcc-4.0 -x c -arch i386 -pipe -Wno-trigraphs -fpascal-strings -fasm-blocks -O0 -mdynamic-no-pic -DCMAKE_INTDIR="Debug" -fmessage-length=0 -gdwarf-2 -Wmost -Wno-four-char-constants -Wno-unknown-pragmas -F/Users/aaron/Documents/Code/GameEngine/lib/PhysicsFS/CMakeFiles/CMakeTmp/Debug -I/Users/aaron/Documents/Code/GameEngine/lib/PhysicsFS/CMakeFiles/CMakeTmp/Debug/include -I/Users/aaron/Documents/Code/GameEngine/lib/PhysicsFS/CMakeFiles/CMakeTmp/CMAKE_TRY_COMPILE.build/Debug/cmTryCompileExec.build/DerivedSources -c /Users/aaron/Documents/Code/GameEngine/lib/PhysicsFS/CMakeFiles/CMakeTmp/CheckIncludeFile.c -o /Users/aaron/Documents/Code/GameEngine/lib/PhysicsFS/CMakeFiles/CMakeTmp/CMAKE_TRY_COMPILE.build/Debug/cmTryCompileExec.build/Objects-normal/i386/CheckIncludeFile.o
In file included from /Users/aaron/Documents/Code/GameEngine/lib/PhysicsFS/CMakeFiles/CMakeTmp/CheckIncludeFile.c:1:
/usr/include/readline/history.h:101: error: syntax error before ‘*’ token
/usr/include/readline/history.h:102: error: syntax error before ‘*’ token


Determining if the include file mntent.h exists failed with the following output:
Change Dir: /Users/aaron/Documents/Code/GameEngine/lib/PhysicsFS/CMakeFiles/CMakeTmp

Run Build Command:/usr/bin/make "cmTryCompileExec/fast"
/usr/bin/make -f CMakeFiles/cmTryCompileExec.dir/build.make CMakeFiles/cmTryCompileExec.dir/build
"/Applications/CMake 2.6-4.app/Contents/bin/cmake" -E cmake_progress_report /Users/aaron/Documents/Code/GameEngine/lib/PhysicsFS/CMakeFiles/CMakeTmp/CMakeFiles 1
Building C object CMakeFiles/cmTryCompileExec.dir/CheckIncludeFile.c.o
/usr/bin/gcc    -o CMakeFiles/cmTryCompileExec.dir/CheckIncludeFile.c.o   -c /Users/aaron/Documents/Code/GameEngine/lib/PhysicsFS/CMakeFiles/CMakeTmp/CheckIncludeFile.c
/Users/aaron/Documents/Code/GameEngine/lib/PhysicsFS/CMakeFiles/CMakeTmp/CheckIncludeFile.c:1:20: error: mntent.h: No such file or directory
make[1]: *** [CMakeFiles/cmTryCompileExec.dir/CheckIncludeFile.c.o] Error 1
make: *** [cmTryCompileExec/fast] Error 2


Determining if the include file readline/readline.h exists failed with the following output:
Change Dir: /Users/aaron/Documents/Code/GameEngine/lib/PhysicsFS/CMakeFiles/CMakeTmp

Run Build Command:/usr/bin/make "cmTryCompileExec/fast"
/usr/bin/make -f CMakeFiles/cmTryCompileExec.dir/build.make CMakeFiles/cmTryCompileExec.dir/build
"/Applications/CMake 2.6-4.app/Contents/bin/cmake" -E cmake_progress_report /Users/aaron/Documents/Code/GameEngine/lib/PhysicsFS/CMakeFiles/CMakeTmp/CMakeFiles 1
Building C object CMakeFiles/cmTryCompileExec.dir/CheckIncludeFile.c.o
/usr/bin/gcc    -o CMakeFiles/cmTryCompileExec.dir/CheckIncludeFile.c.o   -c /Users/aaron/Documents/Code/GameEngine/lib/PhysicsFS/CMakeFiles/CMakeTmp/CheckIncludeFile.c
In file included from /Users/aaron/Documents/Code/GameEngine/lib/PhysicsFS/CMakeFiles/CMakeTmp/CheckIncludeFile.c:1:
/usr/include/readline/readline.h:101: error: syntax error before ‘*’ token
/usr/include/readline/readline.h:102: error: syntax error before ‘*’ token
make[1]: *** [CMakeFiles/cmTryCompileExec.dir/CheckIncludeFile.c.o] Error 1
make: *** [cmTryCompileExec/fast] Error 2


Determining if the include file readline/history.h exists failed with the following output:
Change Dir: /Users/aaron/Documents/Code/GameEngine/lib/PhysicsFS/CMakeFiles/CMakeTmp

Run Build Command:/usr/bin/make "cmTryCompileExec/fast"
/usr/bin/make -f CMakeFiles/cmTryCompileExec.dir/build.make CMakeFiles/cmTryCompileExec.dir/build
"/Applications/CMake 2.6-4.app/Contents/bin/cmake" -E cmake_progress_report /Users/aaron/Documents/Code/GameEngine/lib/PhysicsFS/CMakeFiles/CMakeTmp/CMakeFiles 1
Building C object CMakeFiles/cmTryCompileExec.dir/CheckIncludeFile.c.o
/usr/bin/gcc    -o CMakeFiles/cmTryCompileExec.dir/CheckIncludeFile.c.o   -c /Users/aaron/Documents/Code/GameEngine/lib/PhysicsFS/CMakeFiles/CMakeTmp/CheckIncludeFile.c
In file included from /Users/aaron/Documents/Code/GameEngine/lib/PhysicsFS/CMakeFiles/CMakeTmp/CheckIncludeFile.c:1:
/usr/include/readline/history.h:101: error: syntax error before ‘*’ token
/usr/include/readline/history.h:102: error: syntax error before ‘*’ token
make[1]: *** [CMakeFiles/cmTryCompileExec.dir/CheckIncludeFile.c.o] Error 1
make: *** [cmTryCompileExec/fast] Error 2


